Req Put 1 rts-schedule.pdf 6
Rsp Put 1 rts-schedule.pdf READY tpd7950ki7v2qe63ruap6a3dlv
Req Push 1 tpd7950ki7v2qe63ruap6a3dlv NOTLAST 0 1024000
Rsp Push 1 SUCCESS 1024000
Req Push 1 tpd7950ki7v2qe63ruap6a3dlv NOTLAST 1024000 1024000
Rsp Push 1 SUCCESS 1024000
Req Push 1 tpd7950ki7v2qe63ruap6a3dlv NOTLAST 2048000 1024000
Rsp Push 1 SUCCESS 1024000
Req Push 1 tpd7950ki7v2qe63ruap6a3dlv NOTLAST 3072000 1024000
Rsp Push 1 SUCCESS 1024000
Req Push 1 tpd7950ki7v2qe63ruap6a3dlv NOTLAST 4096000 1024000
Rsp Push 1 SUCCESS 1024000
Req Push 1 tpd7950ki7v2qe63ruap6a3dlv NOTLAST 5120000 1024000
Rsp Push 1 SUCCESS 1024000
Req Push 1 tpd7950ki7v2qe63ruap6a3dlv NOTLAST 6144000 1024000
Rsp Push 1 SUCCESS 1024000
Req Push 1 tpd7950ki7v2qe63ruap6a3dlv NOTLAST 7168000 1024000
Rsp Push 1 SUCCESS 1024000
Req Push 1 tpd7950ki7v2qe63ruap6a3dlv LAST 8192000 291248
Rsp Push 1 SUCCESS 291248
Req Put 2 rts-schedule.pdf 6
Rsp Put 2 rts-schedule.pdf READY 77rbvReq Get 2 rts-schedule.pdf 7
Rsp Get 2 rts-schedule.pdf READY ud4i9kpcirg4abmdsda80qiqph
Req Pull 2 ud4i9kpcirg4abmdsda80qiqph 0 1024000
Rsp Pull 2 SUCCESS NOTLAST 0 1024000
Req Pull 2 ud4i9kpcirg4abmdsda80qiqph 1024000 1024000
Rsp Pull 2 SUCCESS NOTLAST 1024000 1024000
Req Pull 2 ud4i9kpcirg4abmdsda80qiqph 2048000 1024000
Rsp Pull 2 SUCCESS NOTLAST 2048000 1024000
Req Pull 2 ud4i9kpcirg4abmdsda80qiqph 3072000 1024000
Rsp Pull 2 SUCCESS NOTLAST 3072000 1024000
Req Pull 2 ud4i9kpcirg4abmdsda80qiqph 4096000 1024000
Rsp Pull 2 SUCCESS NOTLAST 4096000 1024000
Req Pull 2 ud4i9kpcirg4abmdsda80qiqph 5120000 1024000
Rsp Pull 2 SUCCESS NOTLAST 5120000 1024000
Req Pull 2 ud4i9kpcirg4abmdsda80qiqph 6144000 1024000
Rsp Pull 2 SUCCESS NOTLAST 6144000 1024000
Req Pull 2 ud4i9kpcirg4abmdsda80qiqph 7168000 1024000
Rsp Pull 2 SUCCESS NOTLAST 7168000 1024000
Req Pull 2 ud4i9kpcirg4abmdsda80qiqph 8192000 1024000
Rsp Pull 2 SUCCESS LAST 8192000 291248
Req Get 3 rts-schedule.pdf 7
Rsp Get 3 rts-schedule.pdf READY 3e2c5c0fkna57glma74tjsuq9b
Req Pull 3 3e2c5c0fkna57glma74tjsuq9b 0 1024000
Rsp Pull 3 SUCCESS NOTLAST 0 1024000
Req Pull 3 3e2c5c0fkna57glma74tjsuq9b 1024000 1024000
Rsp Pull 3 SUCCESS NOTLAST 1024000 1024000
Req Pull 3 3e2c5c0fkna57glma74tjsuq9b 2048000 1024000
Rsp Pull 3 SUCCESS NOTLAST 2048000 1024000
Req Pull 3 3e2c5c0fkna57glma74tjsuq9b 3072000 1024000
Rsp Pull 3 SUCCESS NOTLAST 3072000 1024000
Req Pull 3 3e2c5c0fkna57glma74tjsuq9b 4096000 1024000
Rsp Pull 3 SUCCESS NOTLAST 4096000 1024000
Req Pull 3 3e2c5c0fkna57glma74tjsuq9b 5120000 1024000
Rsp Pull 3 SUCCESS NOTLAST 5120000 1024000
Req Pull 3 3e2c5c0fkna57glma74tjsuq9b 6144000 1024000
Rsp Pull 3 SUCCESS NOTLAST 6144000 1024000
Req Pull 3 3e2c5c0Rsp Put 4 rts-schedule.pdf READY pvhfc7llppr54nrvcc1bq9eeps
Req Push 4 pvhfc7llppr54nrvcc1bq9eeps NOTLAST 0 1024000
Rsp Push 4 SUCCESS 1024000
Req Push 4 pvhfc7llppr54nrvccReq Bye
Rsp Bye
 1024000 1024000
Rsp Push 4 SUCCESS 1024000
Req Push 4 pvhfc7llppr54nrvcc1bq9eeps NOTLAST 2048000 1024000
Rsp Push 4 SUCCESS 1024000
Req Push 4 pvhfc7llppr54nrvcc1bq9eeps NOTLAST 3072000 1024000
Rsp Push 4 SUCCESS 1024000
Req Push 4 pvhfc7llppr54nrvcc1bq9eeps NOTLAST 4096000 1024000
Rsp Push 4 SUCCESS 1024000
Req Push 4 pvhfc7llppr54nrvcc1bq9eeps NOTLAST 5120000 1024000
Rsp Push 4 SUCCESS 1024000
Req Push 4 pvhfc7llppr54nrvcc1bq9eeps NOTLAST 6144000 1024000
Rsp Push 4 SUCCESS 1024000
Req Push 4 pvhfc7llppr54nrvcc1bq9eeps NOTLAST 7168000 1024000
Rsp Push 4 SUCCESS 1024000
Req Push 4 pvhfc7llppr54nrvcc1bq9eeps LAST 8192000 291239
Rsp Push 4 SUCCESS 291239
Req Bye
Rsp Bye
